build/app/intermediates/manifest_merge_blame_file/debug/manifest-merger-blame-debug-report.txt
1<?xml version="1.0" encoding="utf-8"?>
2<manifest xmlns:android="http://schemas.android.com/apk/res/android"
3    package="com.example.flutter_boiler_plate"
4    android:versionCode="1"
5    android:versionName="1.0.0" >
6
7    <uses-sdk
8        android:minSdkVersion="19"
9        android:targetSdkVersion="30" />
10    <!--
11         Flutter needs it to communicate with the running application
12         to allow setting breakpoints, to provide hot reload, etc.
13    -->
14    <uses-permission android:name="android.permission.INTERNET" />
14-->src/debug/AndroidManifest.xml:6:5-66
14-->src/debug/AndroidManifest.xml:6:22-64
15    <uses-permission android:name="android.permission.ACCESS_NETWORK_STATE" />
15-->[:connectivity] AndroidManifest.xml:7:5-79
15-->[:connectivity] AndroidManifest.xml:7:22-76
16    <uses-permission android:name="android.permission.WAKE_LOCK" />
16-->[com.google.android.gms:play-services-measurement-api:20.1.2] AndroidManifest.xml:24:5-68
16-->[com.google.android.gms:play-services-measurement-api:20.1.2] AndroidManifest.xml:24:22-65
17    <uses-permission android:name="com.google.android.gms.permission.AD_ID" />
17-->[com.google.android.gms:play-services-measurement-api:20.1.2] AndroidManifest.xml:25:5-79
17-->[com.google.android.gms:play-services-measurement-api:20.1.2] AndroidManifest.xml:25:22-76
18    <uses-permission android:name="com.google.android.finsky.permission.BIND_GET_INSTALL_REFERRER_SERVICE" />
18-->[com.google.android.gms:play-services-measurement:20.1.2] AndroidManifest.xml:26:5-110
18-->[com.google.android.gms:play-services-measurement:20.1.2] AndroidManifest.xml:26:22-107
19
20    <application
20-->src/main/AndroidManifest.xml:3:4-40:19
21        android:name="androidx.multidex.MultiDexApplication"
22        android:appComponentFactory="androidx.core.app.CoreComponentFactory"
22-->[androidx.core:core:1.7.0] AndroidManifest.xml:24:18-86
23        android:debuggable="true"
24        android:icon="@mipmap/ic_launcher"
24-->src/main/AndroidManifest.xml:5:9-43
25        android:label="flutter_boiler_plate" >
25-->src/main/AndroidManifest.xml:4:9-45
26        <activity
26-->src/main/AndroidManifest.xml:6:9-34:20
27            android:name="com.example.flutter_boiler_plate.MainActivity"
27-->src/main/AndroidManifest.xml:7:13-41
28            android:configChanges="orientation|keyboardHidden|keyboard|screenSize|smallestScreenSize|locale|layoutDirection|fontScale|screenLayout|density|uiMode"
28-->src/main/AndroidManifest.xml:10:13-163
29            android:hardwareAccelerated="true"
29-->src/main/AndroidManifest.xml:11:13-47
30            android:launchMode="singleTop"
30-->src/main/AndroidManifest.xml:8:13-43
31            android:theme="@style/LaunchTheme"
31-->src/main/AndroidManifest.xml:9:13-47
32            android:windowSoftInputMode="adjustResize" >
32-->src/main/AndroidManifest.xml:12:13-55
33
34            <!--
35                 Specifies an Android theme to apply to this Activity as soon as
36                 the Android process has started. This theme is visible to the user
37                 while the Flutter UI initializes. After that, this theme continues
38                 to determine the Window background behind the Flutter UI.
39            -->
40            <meta-data
40-->src/main/AndroidManifest.xml:17:13-20:17
41                android:name="io.flutter.embedding.android.NormalTheme"
41-->src/main/AndroidManifest.xml:18:15-70
42                android:resource="@style/NormalTheme" />
42-->src/main/AndroidManifest.xml:19:15-52
43            <!--
44                 Displays an Android View that continues showing the launch screen
45                 Drawable until Flutter paints its first frame, then this splash
46                 screen fades out. A splash screen is useful to avoid any visual
47                 gap between the end of Android's launch screen and the painting of
48                 Flutter's first frame.
49            -->
50            <meta-data
50-->src/main/AndroidManifest.xml:26:13-29:17
51                android:name="io.flutter.embedding.android.SplashScreenDrawable"
51-->src/main/AndroidManifest.xml:27:15-79
52                android:resource="@drawable/launch_background" />
52-->src/main/AndroidManifest.xml:28:15-61
53
54            <intent-filter>
54-->src/main/AndroidManifest.xml:30:13-33:29
55                <action android:name="android.intent.action.MAIN" />
55-->src/main/AndroidManifest.xml:31:17-68
55-->src/main/AndroidManifest.xml:31:25-66
56
57                <category android:name="android.intent.category.LAUNCHER" />
57-->src/main/AndroidManifest.xml:32:17-76
57-->src/main/AndroidManifest.xml:32:27-74
58            </intent-filter>
59        </activity>
60        <!--
61             Don't delete the meta-data below.
62             This is used by the Flutter tool to generate GeneratedPluginRegistrant.java
63        -->
64        <meta-data
64-->src/main/AndroidManifest.xml:37:9-39:33
65            android:name="flutterEmbedding"
65-->src/main/AndroidManifest.xml:38:13-44
66            android:value="2" />
66-->src/main/AndroidManifest.xml:39:13-30
67
68        <service
68-->[:firebase_auth] AndroidManifest.xml:8:9-12:19
69            android:name="com.google.firebase.components.ComponentDiscoveryService"
69-->[:firebase_auth] AndroidManifest.xml:8:18-89
70            android:directBootAware="true"
70-->[com.google.firebase:firebase-common:20.1.0] AndroidManifest.xml:35:13-43
71            android:exported="false" >
71-->[com.google.firebase:firebase-auth:21.0.3] AndroidManifest.xml:66:13-37
72            <meta-data
72-->[:firebase_auth] AndroidManifest.xml:9:13-11:85
73                android:name="com.google.firebase.components:io.flutter.plugins.firebase.auth.FlutterFirebaseAuthRegistrar"
73-->[:firebase_auth] AndroidManifest.xml:10:17-124
74                android:value="com.google.firebase.components.ComponentRegistrar" />
74-->[:firebase_auth] AndroidManifest.xml:11:17-82
75            <meta-data
75-->[:firebase_database] AndroidManifest.xml:9:13-11:85
76                android:name="com.google.firebase.components:io.flutter.plugins.firebase.database.FlutterFirebaseAppRegistrar"
76-->[:firebase_database] AndroidManifest.xml:10:17-127
77                android:value="com.google.firebase.components.ComponentRegistrar" />
77-->[:firebase_database] AndroidManifest.xml:11:17-82
78            <meta-data
78-->[:firebase_core] AndroidManifest.xml:9:13-11:85
79                android:name="com.google.firebase.components:io.flutter.plugins.firebase.core.FlutterFirebaseCoreRegistrar"
79-->[:firebase_core] AndroidManifest.xml:10:17-124
80                android:value="com.google.firebase.components.ComponentRegistrar" />
80-->[:firebase_core] AndroidManifest.xml:11:17-82
81            <meta-data
81-->[com.google.firebase:firebase-auth:21.0.3] AndroidManifest.xml:67:13-69:85
82                android:name="com.google.firebase.components:com.google.firebase.auth.FirebaseAuthRegistrar"
82-->[com.google.firebase:firebase-auth:21.0.3] AndroidManifest.xml:68:17-109
83                android:value="com.google.firebase.components.ComponentRegistrar" />
83-->[com.google.firebase:firebase-auth:21.0.3] AndroidManifest.xml:69:17-82
84            <meta-data
84-->[com.google.firebase:firebase-database:20.0.4] AndroidManifest.xml:32:13-34:85
85                android:name="com.google.firebase.components:com.google.firebase.database.DatabaseRegistrar"
85-->[com.google.firebase:firebase-database:20.0.4] AndroidManifest.xml:33:17-109
86                android:value="com.google.firebase.components.ComponentRegistrar" />
86-->[com.google.firebase:firebase-database:20.0.4] AndroidManifest.xml:34:17-82
87            <meta-data
87-->[com.google.android.gms:play-services-measurement-api:20.1.2] AndroidManifest.xml:31:13-33:85
88                android:name="com.google.firebase.components:com.google.firebase.analytics.connector.internal.AnalyticsConnectorRegistrar"
88-->[com.google.android.gms:play-services-measurement-api:20.1.2] AndroidManifest.xml:32:17-139
89                android:value="com.google.firebase.components.ComponentRegistrar" />
89-->[com.google.android.gms:play-services-measurement-api:20.1.2] AndroidManifest.xml:33:17-82
90            <meta-data
90-->[com.google.firebase:firebase-installations:17.0.1] AndroidManifest.xml:18:13-20:85
91                android:name="com.google.firebase.components:com.google.firebase.installations.FirebaseInstallationsRegistrar"
91-->[com.google.firebase:firebase-installations:17.0.1] AndroidManifest.xml:19:17-127
92                android:value="com.google.firebase.components.ComponentRegistrar" />
92-->[com.google.firebase:firebase-installations:17.0.1] AndroidManifest.xml:20:17-82
93        </service>
94
95        <receiver
95-->[:sms_otp_auto_verify] AndroidManifest.xml:8:9-15:20
96            android:name="com.oohyugi.sms_otp_auto_verify.SmsBroadcastReceiver"
96-->[:sms_otp_auto_verify] AndroidManifest.xml:9:13-80
97            android:exported="true"
97-->[:sms_otp_auto_verify] AndroidManifest.xml:10:13-36
98            android:permission="com.google.android.gms.auth.api.phone.permission.SEND" >
98-->[:sms_otp_auto_verify] AndroidManifest.xml:11:13-87
99            <intent-filter>
99-->[:sms_otp_auto_verify] AndroidManifest.xml:12:13-14:29
100                <action android:name="com.google.android.gms.auth.api.phone.SMS_RETRIEVED" />
100-->[:sms_otp_auto_verify] AndroidManifest.xml:13:17-94
100-->[:sms_otp_auto_verify] AndroidManifest.xml:13:25-91
101            </intent-filter>
102        </receiver>
103
104        <uses-library
104-->[androidx.window:window:1.0.0-beta04] AndroidManifest.xml:25:9-27:40
105            android:name="androidx.window.extensions"
105-->[androidx.window:window:1.0.0-beta04] AndroidManifest.xml:26:13-54
106            android:required="false" />
106-->[androidx.window:window:1.0.0-beta04] AndroidManifest.xml:27:13-37
107        <uses-library
107-->[androidx.window:window:1.0.0-beta04] AndroidManifest.xml:28:9-30:40
108            android:name="androidx.window.sidecar"
108-->[androidx.window:window:1.0.0-beta04] AndroidManifest.xml:29:13-51
109            android:required="false" />
109-->[androidx.window:window:1.0.0-beta04] AndroidManifest.xml:30:13-37
110
111        <activity
111-->[com.google.firebase:firebase-auth:21.0.3] AndroidManifest.xml:27:9-44:20
112            android:name="com.google.firebase.auth.internal.GenericIdpActivity"
112-->[com.google.firebase:firebase-auth:21.0.3] AndroidManifest.xml:28:13-80
113            android:excludeFromRecents="true"
113-->[com.google.firebase:firebase-auth:21.0.3] AndroidManifest.xml:29:13-46
114            android:exported="true"
114-->[com.google.firebase:firebase-auth:21.0.3] AndroidManifest.xml:30:13-36
115            android:launchMode="singleTask"
115-->[com.google.firebase:firebase-auth:21.0.3] AndroidManifest.xml:31:13-44
116            android:theme="@android:style/Theme.Translucent.NoTitleBar" >
116-->[com.google.firebase:firebase-auth:21.0.3] AndroidManifest.xml:32:13-72
117            <intent-filter>
117-->[com.google.firebase:firebase-auth:21.0.3] AndroidManifest.xml:33:13-43:29
118                <action android:name="android.intent.action.VIEW" />
118-->[com.google.firebase:firebase-auth:21.0.3] AndroidManifest.xml:34:17-69
118-->[com.google.firebase:firebase-auth:21.0.3] AndroidManifest.xml:34:25-66
119
120                <category android:name="android.intent.category.DEFAULT" />
120-->[com.google.firebase:firebase-auth:21.0.3] AndroidManifest.xml:36:17-76
120-->[com.google.firebase:firebase-auth:21.0.3] AndroidManifest.xml:36:27-73
121                <category android:name="android.intent.category.BROWSABLE" />
121-->[com.google.firebase:firebase-auth:21.0.3] AndroidManifest.xml:37:17-78
121-->[com.google.firebase:firebase-auth:21.0.3] AndroidManifest.xml:37:27-75
122
123                <data
123-->[com.google.firebase:firebase-auth:21.0.3] AndroidManifest.xml:39:17-42:51
124                    android:host="firebase.auth"
124-->[com.google.firebase:firebase-auth:21.0.3] AndroidManifest.xml:40:21-49
125                    android:path="/"
125-->[com.google.firebase:firebase-auth:21.0.3] AndroidManifest.xml:41:21-37
126                    android:scheme="genericidp" />
126-->[com.google.firebase:firebase-auth:21.0.3] AndroidManifest.xml:42:21-48
127            </intent-filter>
128        </activity>
129        <activity
129-->[com.google.firebase:firebase-auth:21.0.3] AndroidManifest.xml:45:9-62:20
130            android:name="com.google.firebase.auth.internal.RecaptchaActivity"
130-->[com.google.firebase:firebase-auth:21.0.3] AndroidManifest.xml:46:13-79
131            android:excludeFromRecents="true"
131-->[com.google.firebase:firebase-auth:21.0.3] AndroidManifest.xml:47:13-46
132            android:exported="true"
132-->[com.google.firebase:firebase-auth:21.0.3] AndroidManifest.xml:48:13-36
133            android:launchMode="singleTask"
133-->[com.google.firebase:firebase-auth:21.0.3] AndroidManifest.xml:49:13-44
134            android:theme="@android:style/Theme.Translucent.NoTitleBar" >
134-->[com.google.firebase:firebase-auth:21.0.3] AndroidManifest.xml:50:13-72
135            <intent-filter>
135-->[com.google.firebase:firebase-auth:21.0.3] AndroidManifest.xml:51:13-61:29
136                <action android:name="android.intent.action.VIEW" />
136-->[com.google.firebase:firebase-auth:21.0.3] AndroidManifest.xml:34:17-69
136-->[com.google.firebase:firebase-auth:21.0.3] AndroidManifest.xml:34:25-66
137
138                <category android:name="android.intent.category.DEFAULT" />
138-->[com.google.firebase:firebase-auth:21.0.3] AndroidManifest.xml:36:17-76
138-->[com.google.firebase:firebase-auth:21.0.3] AndroidManifest.xml:36:27-73
139                <category android:name="android.intent.category.BROWSABLE" />
139-->[com.google.firebase:firebase-auth:21.0.3] AndroidManifest.xml:37:17-78
139-->[com.google.firebase:firebase-auth:21.0.3] AndroidManifest.xml:37:27-75
140
141                <data
141-->[com.google.firebase:firebase-auth:21.0.3] AndroidManifest.xml:39:17-42:51
142                    android:host="firebase.auth"
142-->[com.google.firebase:firebase-auth:21.0.3] AndroidManifest.xml:40:21-49
143                    android:path="/"
143-->[com.google.firebase:firebase-auth:21.0.3] AndroidManifest.xml:41:21-37
144                    android:scheme="recaptcha" />
144-->[com.google.firebase:firebase-auth:21.0.3] AndroidManifest.xml:42:21-48
145            </intent-filter>
146        </activity>
147
148        <provider
148-->[com.google.firebase:firebase-common:20.1.0] AndroidManifest.xml:26:9-31:39
149            android:name="com.google.firebase.provider.FirebaseInitProvider"
149-->[com.google.firebase:firebase-common:20.1.0] AndroidManifest.xml:27:13-77
150            android:authorities="com.example.flutter_boiler_plate.firebaseinitprovider"
150-->[com.google.firebase:firebase-common:20.1.0] AndroidManifest.xml:28:13-72
151            android:directBootAware="true"
151-->[com.google.firebase:firebase-common:20.1.0] AndroidManifest.xml:29:13-43
152            android:exported="false"
152-->[com.google.firebase:firebase-common:20.1.0] AndroidManifest.xml:30:13-37
153            android:initOrder="100" />
153-->[com.google.firebase:firebase-common:20.1.0] AndroidManifest.xml:31:13-36
154
155        <activity
155-->[com.google.android.gms:play-services-auth:20.0.1] AndroidManifest.xml:23:9-27:75
156            android:name="com.google.android.gms.auth.api.signin.internal.SignInHubActivity"
156-->[com.google.android.gms:play-services-auth:20.0.1] AndroidManifest.xml:24:13-93
157            android:excludeFromRecents="true"
157-->[com.google.android.gms:play-services-auth:20.0.1] AndroidManifest.xml:25:13-46
158            android:exported="false"
158-->[com.google.android.gms:play-services-auth:20.0.1] AndroidManifest.xml:26:13-37
159            android:theme="@android:style/Theme.Translucent.NoTitleBar" />
159-->[com.google.android.gms:play-services-auth:20.0.1] AndroidManifest.xml:27:13-72
160        <!--
161            Service handling Google Sign-In user revocation. For apps that do not integrate with
162            Google Sign-In, this service will never be started.
163        -->
164        <service
164-->[com.google.android.gms:play-services-auth:20.0.1] AndroidManifest.xml:33:9-37:51
165            android:name="com.google.android.gms.auth.api.signin.RevocationBoundService"
165-->[com.google.android.gms:play-services-auth:20.0.1] AndroidManifest.xml:34:13-89
166            android:exported="true"
166-->[com.google.android.gms:play-services-auth:20.0.1] AndroidManifest.xml:35:13-36
167            android:permission="com.google.android.gms.auth.api.signin.permission.REVOCATION_NOTIFICATION"
167-->[com.google.android.gms:play-services-auth:20.0.1] AndroidManifest.xml:36:13-107
168            android:visibleToInstantApps="true" />
168-->[com.google.android.gms:play-services-auth:20.0.1] AndroidManifest.xml:37:13-48
169
170        <activity
170-->[com.google.android.gms:play-services-base:18.0.1] AndroidManifest.xml:20:9-22:45
171            android:name="com.google.android.gms.common.api.GoogleApiActivity"
171-->[com.google.android.gms:play-services-base:18.0.1] AndroidManifest.xml:20:19-85
172            android:exported="false"
172-->[com.google.android.gms:play-services-base:18.0.1] AndroidManifest.xml:22:19-43
173            android:theme="@android:style/Theme.Translucent.NoTitleBar" />
173-->[com.google.android.gms:play-services-base:18.0.1] AndroidManifest.xml:21:19-78
174
175        <receiver
175-->[com.google.android.gms:play-services-measurement:20.1.2] AndroidManifest.xml:29:9-33:20
176            android:name="com.google.android.gms.measurement.AppMeasurementReceiver"
176-->[com.google.android.gms:play-services-measurement:20.1.2] AndroidManifest.xml:30:13-85
177            android:enabled="true"
177-->[com.google.android.gms:play-services-measurement:20.1.2] AndroidManifest.xml:31:13-35
178            android:exported="false" >
178-->[com.google.android.gms:play-services-measurement:20.1.2] AndroidManifest.xml:32:13-37
179        </receiver>
180
181        <service
181-->[com.google.android.gms:play-services-measurement:20.1.2] AndroidManifest.xml:35:9-38:40
182            android:name="com.google.android.gms.measurement.AppMeasurementService"
182-->[com.google.android.gms:play-services-measurement:20.1.2] AndroidManifest.xml:36:13-84
183            android:enabled="true"
183-->[com.google.android.gms:play-services-measurement:20.1.2] AndroidManifest.xml:37:13-35
184            android:exported="false" />
184-->[com.google.android.gms:play-services-measurement:20.1.2] AndroidManifest.xml:38:13-37
185        <service
185-->[com.google.android.gms:play-services-measurement:20.1.2] AndroidManifest.xml:39:9-43:72
186            android:name="com.google.android.gms.measurement.AppMeasurementJobService"
186-->[com.google.android.gms:play-services-measurement:20.1.2] AndroidManifest.xml:40:13-87
187            android:enabled="true"
187-->[com.google.android.gms:play-services-measurement:20.1.2] AndroidManifest.xml:41:13-35
188            android:exported="false"
188-->[com.google.android.gms:play-services-measurement:20.1.2] AndroidManifest.xml:42:13-37
189            android:permission="android.permission.BIND_JOB_SERVICE" />
189-->[com.google.android.gms:play-services-measurement:20.1.2] AndroidManifest.xml:43:13-69
190
191        <meta-data
191-->[com.google.android.gms:play-services-basement:18.0.0] AndroidManifest.xml:21:9-23:69
192            android:name="com.google.android.gms.version"
192-->[com.google.android.gms:play-services-basement:18.0.0] AndroidManifest.xml:22:13-58
193            android:value="@integer/google_play_services_version" />
193-->[com.google.android.gms:play-services-basement:18.0.0] AndroidManifest.xml:23:13-66
194    </application>
195
196</manifest>